#
# There is insufficient memory for the Java Runtime Environment to continue.
# Native memory allocation (mmap) failed to map 8489271296 bytes for G1 virtual space
# Possible reasons:
#   The system is out of physical RAM or swap space
#   The process is running with CompressedOops enabled, and the Java Heap may be blocking the growth of the native heap
# Possible solutions:
#   Reduce memory load on the system
#   Increase physical memory or swap space
#   Check if swap backing store is full
#   Decrease Java heap size (-Xmx/-Xms)
#   Decrease number of Java threads
#   Decrease Java thread stack sizes (-Xss)
#   Set larger code cache with -XX:ReservedCodeCacheSize=
#   JVM is running with Zero Based Compressed Oops mode in which the Java heap is
#     placed in the first 32GB address space. The Java Heap base address is the
#     maximum limit for the native heap growth. Please use -XX:HeapBaseMinAddress
#     to set the Java Heap base and to place the Java Heap above 32GB virtual address.
# This output file may be truncated or incomplete.
#
#  Out of Memory Error (os_windows.cpp:3825), pid=3668, tid=25856
#
# JRE version:  (17.0.9+7) (build )
# Java VM: OpenJDK 64-Bit Server VM (17.0.9+7-b1000.46, mixed mode, sharing, tiered, compressed oops, compressed class ptrs, g1 gc, windows-amd64)
# No core dump will be written. Minidumps are not enabled by default on client versions of Windows
#

---------------  S U M M A R Y ------------

Command Line: -Dorg.sqlite.tmpdir=C:\Users\ECQ\AppData\Local\JetBrains\IntelliJIdea2023.2\jdbc-native-deps\Xerial SQLiteJDBC\3.45.1\sqlite-jdbc-3.45.1.0\libs -Djava.rmi.server.hostname=127.0.0.1 -Duser.timezone=UTC -Xmx10240m -Xms8096m -Djna.boot.library.path=E:\program\JetBrains\IDEA2023.2.5/lib/jna/amd64 -Djna.nosys=true -Djna.noclasspath=true -Djdbc.classpath=E:\program\JetBrains\IDEA2023.2.5\plugins\DatabaseTools\lib\jdbc-console.jar;C:\Users\ECQ\AppData\Roaming\JetBrains\IntelliJIdea2023.2\jdbc-drivers\Xerial SQLiteJDBC\3.45.1\org\xerial\sqlite-jdbc\3.45.1.0\sqlite-jdbc-3.45.1.0.jar;C:\Users\ECQ\AppData\Roaming\JetBrains\IntelliJIdea2023.2\jdbc-drivers\Xerial SQLiteJDBC\3.45.1\org\slf4j\slf4j-api\1.7.36\slf4j-api-1.7.36.jar --add-exports=java.desktop/sun.awt=ALL-UNNAMED --add-exports=java.desktop/java.awt.peer=ALL-UNNAMED --add-opens=java.desktop/java.awt=ALL-UNNAMED --add-opens=jdk.unsupported/sun.misc=ALL-UNNAMED --add-opens=java.base/java.nio=ALL-UNNAMED --add-opens=java.base/java.util=ALL-UNNAMED -Dfile.encoding=UTF-8 com.intellij.database.remote.RemoteJdbcServer org.sqlite.JDBC

Host: 12th Gen Intel(R) Core(TM) i7-12700, 20 cores, 31G,  Windows 10 , 64 bit Build 19041 (10.0.19041.4597)
Time: Mon Aug 12 17:09:08 2024  Windows 10 , 64 bit Build 19041 (10.0.19041.4597) elapsed time: 0.005840 seconds (0d 0h 0m 0s)

---------------  T H R E A D  ---------------

Current thread (0x000001f9d0a860d0):  JavaThread "Unknown thread" [_thread_in_vm, id=25856, stack(0x000000e9d1400000,0x000000e9d1500000)]

Stack: [0x000000e9d1400000,0x000000e9d1500000]
Native frames: (J=compiled Java code, j=interpreted, Vv=VM code, C=native code)
V  [jvm.dll+0x6886e9]
V  [jvm.dll+0x841e4a]
V  [jvm.dll+0x843a8e]
V  [jvm.dll+0x8440f3]
V  [jvm.dll+0x24c14f]
V  [jvm.dll+0x685499]
V  [jvm.dll+0x679c2a]
V  [jvm.dll+0x30cf9b]
V  [jvm.dll+0x314446]
V  [jvm.dll+0x36425e]
V  [jvm.dll+0x36448f]
V  [jvm.dll+0x2e2d68]
V  [jvm.dll+0x2e3cd4]
V  [jvm.dll+0x8129f1]
V  [jvm.dll+0x3720c1]
V  [jvm.dll+0x7f152c]
V  [jvm.dll+0x3f5d4f]
V  [jvm.dll+0x3f7981]
C  [jli.dll+0x528f]
C  [ucrtbase.dll+0x21bb2]
C  [KERNEL32.DLL+0x17374]
C  [ntdll.dll+0x4cc91]


---------------  P R O C E S S  ---------------

Threads class SMR info:
_java_thread_list=0x00007fff1237ef18, length=0, elements={
}

Java Threads: ( => current thread )

Other Threads:
  0x000001f9d0b2a340 GCTaskThread "GC Thread#0" [stack: 0x000000e9d1500000,0x000000e9d1600000] [id=21120]
  0x000001f9d0b361b0 ConcurrentGCThread "G1 Main Marker" [stack: 0x000000e9d1600000,0x000000e9d1700000] [id=30876]
  0x000001f9d0b36ae0 ConcurrentGCThread "G1 Conc#0" [stack: 0x000000e9d1700000,0x000000e9d1800000] [id=20736]

[error occurred during error reporting (printing all threads), id 0xc0000005, EXCEPTION_ACCESS_VIOLATION (0xc0000005) at pc=0x00007fff11b33937]

VM state: not at safepoint (not fully initialized)

VM Mutex/Monitor currently owned by a thread:  ([mutex/lock_event])
[0x000001f9d0a804a0] Heap_lock - owner thread: 0x000001f9d0a860d0

Heap address: 0x0000000580000000, size: 10240 MB, Compressed Oops mode: Zero based, Oop shift amount: 3

CDS archive(s) mapped at: [0x0000000000000000-0x0000000000000000-0x0000000000000000), size 0, SharedBaseAddress: 0x0000000800000000, ArchiveRelocationMode: 1.
Narrow klass base: 0x0000000000000000, Narrow klass shift: 0, Narrow klass range: 0x0

GC Precious Log:
<Empty>

Heap:
 garbage-first heap   total 0K, used 0K [0x0000000580000000, 0x0000000800000000)
  region size 8192K, 0 young (0K), 0 survivors (0K)
 Metaspace       used 0K, committed 0K, reserved 0K
  class space    used 0K, committed 0K, reserved 0K

Heap Regions: E=young(eden), S=young(survivor), O=old, HS=humongous(starts), HC=humongous(continues), CS=collection set, F=free, OA=open archive, CA=closed archive, TAMS=top-at-mark-start (previous, next)

Card table byte_map: [0x000001f9e50a0000,0x000001f9e64a0000] _byte_map_base: 0x000001f9e24a0000

Marking Bits (Prev, Next): (CMBitMap*) 0x000001f9d0b2b880, (CMBitMap*) 0x000001f9d0b2b8c0
 Prev Bits: [0x000001f9e78a0000, 0x000001f9f18a0000)
 Next Bits: [0x000001f9f18a0000, 0x000001f9fb8a0000)

GC Heap History (0 events):
No events

Dll operation events (1 events):
Event: 0.003 Loaded shared library E:\program\JetBrains\IDEA2023.2.5\jbr\bin\java.dll

Deoptimization events (0 events):
No events

Classes unloaded (0 events):
No events

Classes redefined (0 events):
No events

Internal exceptions (0 events):
No events

VM Operations (0 events):
No events

Events (0 events):
No events


Dynamic libraries:
0x00007ff71f780000 - 0x00007ff71f78a000 	E:\program\JetBrains\IDEA2023.2.5\jbr\bin\java.exe
0x00007fffd9970000 - 0x00007fffd9b68000 	C:\Windows\SYSTEM32\ntdll.dll
0x00007fffd8e30000 - 0x00007fffd8ef1000 	C:\Windows\System32\KERNEL32.DLL
0x00007fffd7240000 - 0x00007fffd7536000 	C:\Windows\System32\KERNELBASE.dll
0x00007fffd78a0000 - 0x00007fffd79a0000 	C:\Windows\System32\ucrtbase.dll
0x00007fffd2fa0000 - 0x00007fffd2fbb000 	E:\program\JetBrains\IDEA2023.2.5\jbr\bin\VCRUNTIME140.dll
0x00007fff217d0000 - 0x00007fff217e7000 	E:\program\JetBrains\IDEA2023.2.5\jbr\bin\jli.dll
0x00007fffd8520000 - 0x00007fffd86bf000 	C:\Windows\System32\USER32.dll
0x00007fffc6110000 - 0x00007fffc63aa000 	C:\Windows\WinSxS\amd64_microsoft.windows.common-controls_6595b64144ccf1df_6.0.19041.4355_none_60b8b9eb71f62e16\COMCTL32.dll
0x00007fffd8480000 - 0x00007fffd851e000 	C:\Windows\System32\msvcrt.dll
0x00007fffd7660000 - 0x00007fffd7682000 	C:\Windows\System32\win32u.dll
0x00007fffd92d0000 - 0x00007fffd92fb000 	C:\Windows\System32\GDI32.dll
0x00007fffd7540000 - 0x00007fffd7657000 	C:\Windows\System32\gdi32full.dll
0x00007fffd7170000 - 0x00007fffd720d000 	C:\Windows\System32\msvcp_win.dll
0x00007fffd8330000 - 0x00007fffd835f000 	C:\Windows\System32\IMM32.DLL
0x00007fffd2fd0000 - 0x00007fffd2fdc000 	E:\program\JetBrains\IDEA2023.2.5\jbr\bin\vcruntime140_1.dll
0x00007fffa8b50000 - 0x00007fffa8bdd000 	E:\program\JetBrains\IDEA2023.2.5\jbr\bin\msvcp140.dll
0x00007fff11840000 - 0x00007fff124c3000 	E:\program\JetBrains\IDEA2023.2.5\jbr\bin\server\jvm.dll
0x00007fffd8360000 - 0x00007fffd8410000 	C:\Windows\System32\ADVAPI32.dll
0x00007fffd9470000 - 0x00007fffd9510000 	C:\Windows\System32\sechost.dll
0x00007fffd9800000 - 0x00007fffd9923000 	C:\Windows\System32\RPCRT4.dll
0x00007fffd7210000 - 0x00007fffd7237000 	C:\Windows\System32\bcrypt.dll
0x00007fffd68c0000 - 0x00007fffd690b000 	C:\Windows\SYSTEM32\POWRPROF.dll
0x00007fffc9c80000 - 0x00007fffc9ca7000 	C:\Windows\SYSTEM32\WINMM.dll
0x00007fffcb8c0000 - 0x00007fffcb8c9000 	C:\Windows\SYSTEM32\WSOCK32.dll
0x00007fffd1930000 - 0x00007fffd193a000 	C:\Windows\SYSTEM32\VERSION.dll
0x00007fffd96c0000 - 0x00007fffd972b000 	C:\Windows\System32\WS2_32.dll
0x00007fffd6860000 - 0x00007fffd6872000 	C:\Windows\SYSTEM32\UMPDC.dll
0x00007fffd5840000 - 0x00007fffd5852000 	C:\Windows\SYSTEM32\kernel.appcore.dll
0x00007fff217f0000 - 0x00007fff217fa000 	E:\program\JetBrains\IDEA2023.2.5\jbr\bin\jimage.dll
0x00007fffd5360000 - 0x00007fffd5544000 	C:\Windows\SYSTEM32\DBGHELP.DLL
0x00007fffc56a0000 - 0x00007fffc56d4000 	C:\Windows\SYSTEM32\dbgcore.DLL
0x00007fffd7070000 - 0x00007fffd70f2000 	C:\Windows\System32\bcryptPrimitives.dll
0x00007fff217a0000 - 0x00007fff217c5000 	E:\program\JetBrains\IDEA2023.2.5\jbr\bin\java.dll

dbghelp: loaded successfully - version: 4.0.5 - missing functions: none
symbol engine: initialized successfully - sym options: 0x614 - pdb path: .;E:\program\JetBrains\IDEA2023.2.5\jbr\bin;C:\Windows\SYSTEM32;C:\Windows\WinSxS\amd64_microsoft.windows.common-controls_6595b64144ccf1df_6.0.19041.4355_none_60b8b9eb71f62e16;E:\program\JetBrains\IDEA2023.2.5\jbr\bin\server

VM Arguments:
jvm_args: -Dorg.sqlite.tmpdir=C:\Users\ECQ\AppData\Local\JetBrains\IntelliJIdea2023.2\jdbc-native-deps\Xerial SQLiteJDBC\3.45.1\sqlite-jdbc-3.45.1.0\libs -Djava.rmi.server.hostname=127.0.0.1 -Duser.timezone=UTC -Xmx10240m -Xms8096m -Djna.boot.library.path=E:\program\JetBrains\IDEA2023.2.5/lib/jna/amd64 -Djna.nosys=true -Djna.noclasspath=true -Djdbc.classpath=E:\program\JetBrains\IDEA2023.2.5\plugins\DatabaseTools\lib\jdbc-console.jar;C:\Users\ECQ\AppData\Roaming\JetBrains\IntelliJIdea2023.2\jdbc-drivers\Xerial SQLiteJDBC\3.45.1\org\xerial\sqlite-jdbc\3.45.1.0\sqlite-jdbc-3.45.1.0.jar;C:\Users\ECQ\AppData\Roaming\JetBrains\IntelliJIdea2023.2\jdbc-drivers\Xerial SQLiteJDBC\3.45.1\org\slf4j\slf4j-api\1.7.36\slf4j-api-1.7.36.jar --add-exports=java.desktop/sun.awt=ALL-UNNAMED --add-exports=java.desktop/java.awt.peer=ALL-UNNAMED --add-opens=java.desktop/java.awt=ALL-UNNAMED --add-opens=jdk.unsupported/sun.misc=ALL-UNNAMED --add-opens=java.base/java.nio=ALL-UNNAMED --add-opens=java.base/java.util=ALL-UNNAMED -Dfile.encoding=UTF-8 
java_command: com.intellij.database.remote.RemoteJdbcServer org.sqlite.JDBC
java_class_path (initial): E:\program\JetBrains\IDEA2023.2.5\lib\util_rt.jar;E:\program\JetBrains\IDEA2023.2.5\lib\util-8.jar;E:\program\JetBrains\IDEA2023.2.5\lib\groovy.jar;E:\program\JetBrains\IDEA2023.2.5\plugins\DatabaseTools\lib\jdbc-console.jar;E:\program\JetBrains\IDEA2023.2.5\plugins\grid-core-impl\lib\jdbc-console-types.jar;E:\program\JetBrains\IDEA2023.2.5\lib\util.jar;E:\program\JetBrains\IDEA2023.2.5\lib\bouncy-castle.jar
Launcher Type: SUN_STANDARD

[Global flags]
     intx CICompilerCount                          = 12                                        {product} {ergonomic}
     uint ConcGCThreads                            = 4                                         {product} {ergonomic}
     uint G1ConcRefinementThreads                  = 15                                        {product} {ergonomic}
   size_t G1HeapRegionSize                         = 8388608                                   {product} {ergonomic}
    uintx GCDrainStackTargetSize                   = 64                                        {product} {ergonomic}
   size_t InitialHeapSize                          = 8489271296                                {product} {command line}
   size_t MarkStackSize                            = 4194304                                   {product} {ergonomic}
   size_t MaxHeapSize                              = 10737418240                               {product} {command line}
   size_t MinHeapDeltaBytes                        = 8388608                                   {product} {ergonomic}
   size_t MinHeapSize                              = 8489271296                                {product} {command line}
    uintx NonNMethodCodeHeapSize                   = 7602480                                {pd product} {ergonomic}
    uintx NonProfiledCodeHeapSize                  = 122027880                              {pd product} {ergonomic}
    uintx ProfiledCodeHeapSize                     = 122027880                              {pd product} {ergonomic}
    uintx ReservedCodeCacheSize                    = 251658240                              {pd product} {ergonomic}
     bool SegmentedCodeCache                       = true                                      {product} {ergonomic}
   size_t SoftMaxHeapSize                          = 10737418240                            {manageable} {ergonomic}
     bool UseCompressedClassPointers               = true                           {product lp64_product} {ergonomic}
     bool UseCompressedOops                        = true                           {product lp64_product} {ergonomic}
     bool UseG1GC                                  = true                                      {product} {ergonomic}
     bool UseLargePagesIndividualAllocation        = false                                  {pd product} {ergonomic}

Logging:
Log output configuration:
 #0: stdout all=warning uptime,level,tags
 #1: stderr all=off uptime,level,tags

Environment Variables:
JAVA_HOME=E:\Java\jdk\Java\jdk17.0.4.1\jdk17.0.4.1\jdk-17.0.4.1
CLASSPATH=E:\Java\jdk\Java\jdk17.0.4.1\jdk17.0.4.1\jdk-17.0.4.1\bin;E:\Java\jdk\Java\jdk17.0.4.1\jdk17.0.4.1\jdk-17.0.4.1\lib\dt.jar;E:\Java\jdk\Java\jdk17.0.4.1\jdk17.0.4.1\jdk-17.0.4.1\lib\tools.jar
PATH=C:\Program Files\Common Files\Oracle\Java\javapath;C:\Windows\system32;C:\Windows;C:\Windows\System32\Wbem;C:\Windows\System32\WindowsPowerShell\v1.0\;C:\Windows\System32\OpenSSH\;E:\Java\jdk\Java\jdk17.0.4.1\jdk17.0.4.1\jdk-17.0.4.1\bin;C:\Program Files\Bandizip\;C:\Program Files\MySQL\MySQL Server 5.7\bin;D:\apache-maven-3.8.2\bin;%JRE_HOME%\bin;C:\Program Files\dotnet\;C:\Program Files\Git\cmd;D:\ScrcpyGui\scrcpy-win64-v1.10;C:\Program Files\Common Files\Autodesk Shared\;C:\Program Files\Microsoft SQL Server\120\Tools\Binn\;D:\swigwin-4.1.1;D:\apache-ant-1.10.13-bin\apache-ant-1.10.13\bin;C:\Program Files\WireGuard\;C:\Users\ECQ\Downloads\node-v16.20.1-win-x64\node-v16.20.1-win-x64;E:\nodejs\;C:\Users\ECQ\anaconda3;C:\Users\ECQ\anaconda3\Scripts;C:\Users\ECQ\anaconda3\Library\bin;C:\Program Files\python2;C:\Program Files (x86)\NetSarang\Xshell 7\;C:\Users\ECQ\AppData\Local\Microsoft\WindowsApps;C:\Program Files\MySQL\MySQL Server 5.7\bin;E:\Java\jdk\Java\jdk17.0.4.1\jdk17.0.4.1\jdk-17.0.4.1\bin;%JRE_HOME%\bin;D:\apache-maven-3.8.2\bin;C:\Program Files\JetBrains\PyCharm 2023.3.1\bin;;D:\swigwin-4.1.1;E:\program\JetBrains\IDEA2023.2.5\bin;;D:\apache-ant-1.10.13-bin\apache-ant-1.10.13\bin;C:\Users\ECQ\AppData\Roaming\npm;E:\program\Microsoft VS Code\bin;
USERNAME=ECQ
OS=Windows_NT
PROCESSOR_IDENTIFIER=Intel64 Family 6 Model 151 Stepping 2, GenuineIntel
TMP=C:\Users\ECQ\AppData\Local\Temp
TEMP=C:\Users\ECQ\AppData\Local\Temp



Periodic native trim disabled

JNI global refs:
JNI global refs: 0, weak refs: 0

JNI global refs memory usage: 0, weak refs: 0

OOME stack traces (most recent first):
Classloader memory used:


---------------  S Y S T E M  ---------------

OS:
 Windows 10 , 64 bit Build 19041 (10.0.19041.4597)
OS uptime: 5 days 7:52 hours
Hyper-V role detected

CPU: total 20 (initial active 20) (10 cores per cpu, 2 threads per core) family 6 model 151 stepping 2 microcode 0x18, cx8, cmov, fxsr, ht, mmx, 3dnowpref, sse, sse2, sse3, ssse3, sse4.1, sse4.2, popcnt, lzcnt, tsc, tscinvbit, avx, avx2, aes, erms, clmul, bmi1, bmi2, adx, sha, fma, vzeroupper, clflush, clflushopt, clwb, hv
Processor Information for processor 0
  Max Mhz: 2100, Current Mhz: 2100, Mhz Limit: 1596
Processor Information for processor 1
  Max Mhz: 2100, Current Mhz: 2100, Mhz Limit: 2100
Processor Information for processor 2
  Max Mhz: 2100, Current Mhz: 2100, Mhz Limit: 2100
Processor Information for processor 3
  Max Mhz: 2100, Current Mhz: 2100, Mhz Limit: 2100
Processor Information for processor 4
  Max Mhz: 2100, Current Mhz: 2100, Mhz Limit: 2100
Processor Information for processor 5
  Max Mhz: 2100, Current Mhz: 2100, Mhz Limit: 2100
Processor Information for processor 6
  Max Mhz: 2100, Current Mhz: 2100, Mhz Limit: 2100
Processor Information for processor 7
  Max Mhz: 2100, Current Mhz: 2100, Mhz Limit: 2100
Processor Information for processor 8
  Max Mhz: 2100, Current Mhz: 2100, Mhz Limit: 2100
Processor Information for processor 9
  Max Mhz: 2100, Current Mhz: 2100, Mhz Limit: 2100
Processor Information for processor 10
  Max Mhz: 2100, Current Mhz: 2100, Mhz Limit: 2100
Processor Information for processor 11
  Max Mhz: 2100, Current Mhz: 2100, Mhz Limit: 2100
Processor Information for processor 12
  Max Mhz: 2100, Current Mhz: 2100, Mhz Limit: 2100
Processor Information for processor 13
  Max Mhz: 2100, Current Mhz: 2100, Mhz Limit: 2100
Processor Information for processor 14
  Max Mhz: 2100, Current Mhz: 2100, Mhz Limit: 2100
Processor Information for processor 15
  Max Mhz: 2100, Current Mhz: 2100, Mhz Limit: 2100
Processor Information for processor 16
  Max Mhz: 2100, Current Mhz: 1600, Mhz Limit: 1596
Processor Information for processor 17
  Max Mhz: 2100, Current Mhz: 1600, Mhz Limit: 1596
Processor Information for processor 18
  Max Mhz: 2100, Current Mhz: 1600, Mhz Limit: 1596
Processor Information for processor 19
  Max Mhz: 2100, Current Mhz: 1600, Mhz Limit: 1596

Memory: 4k page, system-wide physical 32509M (1142M free)
TotalPageFile size 70953M (AvailPageFile size 5702M)
current process WorkingSet (physical memory assigned to process): 11M, peak: 11M
current process commit charge ("private bytes"): 75M, peak: 8171M

vm_info: OpenJDK 64-Bit Server VM (17.0.9+7-b1000.46) for windows-amd64 JRE (17.0.9+7-b1000.46), built on 2023-10-27 by "builduser" with MS VC++ 16.10 / 16.11 (VS2019)

END.
